c:\users\trenc\source\repos\space-fighter-final\spacefighter\x64\debug\vc143.pdb
c:\users\trenc\source\repos\space-fighter-final\spacefighter\x64\debug\vc143.idb
c:\users\trenc\source\repos\space-fighter-final\spacefighter\x64\debug\triggertype.obj
c:\users\trenc\source\repos\space-fighter-final\spacefighter\x64\debug\spacefighter.obj
c:\users\trenc\source\repos\space-fighter-final\spacefighter\x64\debug\ship.obj
c:\users\trenc\source\repos\space-fighter-final\spacefighter\x64\debug\projectile.obj
c:\users\trenc\source\repos\space-fighter-final\spacefighter\x64\debug\playership.obj
c:\users\trenc\source\repos\space-fighter-final\spacefighter\x64\debug\mainmenuscreen.obj
c:\users\trenc\source\repos\space-fighter-final\spacefighter\x64\debug\main.obj
c:\users\trenc\source\repos\space-fighter-final\spacefighter\x64\debug\levelselectscreen.obj
c:\users\trenc\source\repos\space-fighter-final\spacefighter\x64\debug\level03.obj
c:\users\trenc\source\repos\space-fighter-final\spacefighter\x64\debug\level02.obj
c:\users\trenc\source\repos\space-fighter-final\spacefighter\x64\debug\level01.obj
c:\users\trenc\source\repos\space-fighter-final\spacefighter\x64\debug\level.obj
c:\users\trenc\source\repos\space-fighter-final\spacefighter\x64\debug\gameplayscreen.obj
c:\users\trenc\source\repos\space-fighter-final\spacefighter\x64\debug\gameobject.obj
c:\users\trenc\source\repos\space-fighter-final\spacefighter\x64\debug\explosion.obj
c:\users\trenc\source\repos\space-fighter-final\spacefighter\x64\debug\enemyship.obj
c:\users\trenc\source\repos\space-fighter-final\spacefighter\x64\debug\collisiontype.obj
c:\users\trenc\source\repos\space-fighter-final\spacefighter\x64\debug\collisionmanager.obj
c:\users\trenc\source\repos\space-fighter-final\spacefighter\x64\debug\blaster.obj
c:\users\trenc\source\repos\space-fighter-final\spacefighter\x64\debug\bioenemyship.obj
c:\users\trenc\source\repos\space-fighter-final\spacefighter\x64\debug\weapon.obj
c:\users\trenc\source\repos\space-fighter-final\x64\debug\spacefighter.exe
c:\users\trenc\source\repos\space-fighter-final\x64\debug\spacefighter.pdb
c:\users\trenc\source\repos\space-fighter-final\spacefighter\x64\debug\spacefighter.ilk
c:\users\trenc\source\repos\space-fighter-final\spacefighter\x64\debug\spacefighter.tlog\cl.command.1.tlog
c:\users\trenc\source\repos\space-fighter-final\spacefighter\x64\debug\spacefighter.tlog\cl.items.tlog
c:\users\trenc\source\repos\space-fighter-final\spacefighter\x64\debug\spacefighter.tlog\cl.read.1.tlog
c:\users\trenc\source\repos\space-fighter-final\spacefighter\x64\debug\spacefighter.tlog\cl.write.1.tlog
c:\users\trenc\source\repos\space-fighter-final\spacefighter\x64\debug\spacefighter.tlog\link.command.1.tlog
c:\users\trenc\source\repos\space-fighter-final\spacefighter\x64\debug\spacefighter.tlog\link.read.1.tlog
c:\users\trenc\source\repos\space-fighter-final\spacefighter\x64\debug\spacefighter.tlog\link.secondary.1.tlog
c:\users\trenc\source\repos\space-fighter-final\spacefighter\x64\debug\spacefighter.tlog\link.write.1.tlog
