  BioEnemyShip.cpp
           ██╗  ██╗  █████╗  ████████╗  █████╗  ███╗   ██╗  █████╗
           ██║ ██╔╝ ██╔══██╗ ╚══██╔══╝ ██╔══██╗ ████╗  ██║ ██╔══██╗
           █████╔╝  ███████║    ██║    ███████║ ██╔██╗ ██║ ███████║
           ██╔═██╗  ██╔══██║    ██║    ██╔══██║ ██║╚██╗██║ ██╔══██║
           ██║  ██╗ ██║  ██║    ██║    ██║  ██║ ██║ ╚████║ ██║  ██║
           ╚═╝  ╚═╝ ╚═╝  ╚═╝/\  ╚═╝    ╚═╝  ╚═╝ ╚═╝  ╚═══╝ ╚═╝  ╚═╝
         /vvvvvvvvvvvvvvvvvvv \=======================================,
         `^^^^^^^^^^^^^^^^^^^ /-------------------------------------"
              Katana Engine \/ © 2012 - Shuriken Studios LLC
                      http://www.shurikenstudios.com
  Blaster.cpp
           ██╗  ██╗  █████╗  ████████╗  █████╗  ███╗   ██╗  █████╗
           ██║ ██╔╝ ██╔══██╗ ╚══██╔══╝ ██╔══██╗ ████╗  ██║ ██╔══██╗
           █████╔╝  ███████║    ██║    ███████║ ██╔██╗ ██║ ███████║
           ██╔═██╗  ██╔══██║    ██║    ██╔══██║ ██║╚██╗██║ ██╔══██║
           ██║  ██╗ ██║  ██║    ██║    ██║  ██║ ██║ ╚████║ ██║  ██║
           ╚═╝  ╚═╝ ╚═╝  ╚═╝/\  ╚═╝    ╚═╝  ╚═╝ ╚═╝  ╚═══╝ ╚═╝  ╚═╝
         /vvvvvvvvvvvvvvvvvvv \=======================================,
         `^^^^^^^^^^^^^^^^^^^ /-------------------------------------"
              Katana Engine \/ © 2012 - Shuriken Studios LLC
                      http://www.shurikenstudios.com
  CollisionManager.cpp
           ██╗  ██╗  █████╗  ████████╗  █████╗  ███╗   ██╗  █████╗
           ██║ ██╔╝ ██╔══██╗ ╚══██╔══╝ ██╔══██╗ ████╗  ██║ ██╔══██╗
           █████╔╝  ███████║    ██║    ███████║ ██╔██╗ ██║ ███████║
           ██╔═██╗  ██╔══██║    ██║    ██╔══██║ ██║╚██╗██║ ██╔══██║
           ██║  ██╗ ██║  ██║    ██║    ██║  ██║ ██║ ╚████║ ██║  ██║
           ╚═╝  ╚═╝ ╚═╝  ╚═╝/\  ╚═╝    ╚═╝  ╚═╝ ╚═╝  ╚═══╝ ╚═╝  ╚═╝
         /vvvvvvvvvvvvvvvvvvv \=======================================,
         `^^^^^^^^^^^^^^^^^^^ /-------------------------------------"
              Katana Engine \/ © 2012 - Shuriken Studios LLC
                      http://www.shurikenstudios.com
  CollisionType.cpp
  EnemyShip.cpp
           ██╗  ██╗  █████╗  ████████╗  █████╗  ███╗   ██╗  █████╗
           ██║ ██╔╝ ██╔══██╗ ╚══██╔══╝ ██╔══██╗ ████╗  ██║ ██╔══██╗
           █████╔╝  ███████║    ██║    ███████║ ██╔██╗ ██║ ███████║
           ██╔═██╗  ██╔══██║    ██║    ██╔══██║ ██║╚██╗██║ ██╔══██║
           ██║  ██╗ ██║  ██║    ██║    ██║  ██║ ██║ ╚████║ ██║  ██║
           ╚═╝  ╚═╝ ╚═╝  ╚═╝/\  ╚═╝    ╚═╝  ╚═╝ ╚═╝  ╚═══╝ ╚═╝  ╚═╝
         /vvvvvvvvvvvvvvvvvvv \=======================================,
         `^^^^^^^^^^^^^^^^^^^ /-------------------------------------"
              Katana Engine \/ © 2012 - Shuriken Studios LLC
                      http://www.shurikenstudios.com
  Explosion.cpp
           ██╗  ██╗  █████╗  ████████╗  █████╗  ███╗   ██╗  █████╗
           ██║ ██╔╝ ██╔══██╗ ╚══██╔══╝ ██╔══██╗ ████╗  ██║ ██╔══██╗
           █████╔╝  ███████║    ██║    ███████║ ██╔██╗ ██║ ███████║
           ██╔═██╗  ██╔══██║    ██║    ██╔══██║ ██║╚██╗██║ ██╔══██║
           ██║  ██╗ ██║  ██║    ██║    ██║  ██║ ██║ ╚████║ ██║  ██║
           ╚═╝  ╚═╝ ╚═╝  ╚═╝/\  ╚═╝    ╚═╝  ╚═╝ ╚═╝  ╚═══╝ ╚═╝  ╚═╝
         /vvvvvvvvvvvvvvvvvvv \=======================================,
         `^^^^^^^^^^^^^^^^^^^ /-------------------------------------"
              Katana Engine \/ © 2012 - Shuriken Studios LLC
                      http://www.shurikenstudios.com
  GameObject.cpp
           ██╗  ██╗  █████╗  ████████╗  █████╗  ███╗   ██╗  █████╗
           ██║ ██╔╝ ██╔══██╗ ╚══██╔══╝ ██╔══██╗ ████╗  ██║ ██╔══██╗
           █████╔╝  ███████║    ██║    ███████║ ██╔██╗ ██║ ███████║
           ██╔═██╗  ██╔══██║    ██║    ██╔══██║ ██║╚██╗██║ ██╔══██║
           ██║  ██╗ ██║  ██║    ██║    ██║  ██║ ██║ ╚████║ ██║  ██║
           ╚═╝  ╚═╝ ╚═╝  ╚═╝/\  ╚═╝    ╚═╝  ╚═╝ ╚═╝  ╚═══╝ ╚═╝  ╚═╝
         /vvvvvvvvvvvvvvvvvvv \=======================================,
         `^^^^^^^^^^^^^^^^^^^ /-------------------------------------"
              Katana Engine \/ © 2012 - Shuriken Studios LLC
                      http://www.shurikenstudios.com
  GameplayScreen.cpp
           ██╗  ██╗  █████╗  ████████╗  █████╗  ███╗   ██╗  █████╗
           ██║ ██╔╝ ██╔══██╗ ╚══██╔══╝ ██╔══██╗ ████╗  ██║ ██╔══██╗
           █████╔╝  ███████║    ██║    ███████║ ██╔██╗ ██║ ███████║
           ██╔═██╗  ██╔══██║    ██║    ██╔══██║ ██║╚██╗██║ ██╔══██║
           ██║  ██╗ ██║  ██║    ██║    ██║  ██║ ██║ ╚████║ ██║  ██║
           ╚═╝  ╚═╝ ╚═╝  ╚═╝/\  ╚═╝    ╚═╝  ╚═╝ ╚═╝  ╚═══╝ ╚═╝  ╚═╝
         /vvvvvvvvvvvvvvvvvvv \=======================================,
         `^^^^^^^^^^^^^^^^^^^ /-------------------------------------"
              Katana Engine \/ © 2012 - Shuriken Studios LLC
                      http://www.shurikenstudios.com
  Level.cpp
           ██╗  ██╗  █████╗  ████████╗  █████╗  ███╗   ██╗  █████╗
           ██║ ██╔╝ ██╔══██╗ ╚══██╔══╝ ██╔══██╗ ████╗  ██║ ██╔══██╗
           █████╔╝  ███████║    ██║    ███████║ ██╔██╗ ██║ ███████║
           ██╔═██╗  ██╔══██║    ██║    ██╔══██║ ██║╚██╗██║ ██╔══██║
           ██║  ██╗ ██║  ██║    ██║    ██║  ██║ ██║ ╚████║ ██║  ██║
           ╚═╝  ╚═╝ ╚═╝  ╚═╝/\  ╚═╝    ╚═╝  ╚═╝ ╚═╝  ╚═══╝ ╚═╝  ╚═╝
         /vvvvvvvvvvvvvvvvvvv \=======================================,
         `^^^^^^^^^^^^^^^^^^^ /-------------------------------------"
              Katana Engine \/ © 2012 - Shuriken Studios LLC
                      http://www.shurikenstudios.com
  Level01.cpp
           ██╗  ██╗  █████╗  ████████╗  █████╗  ███╗   ██╗  █████╗
           ██║ ██╔╝ ██╔══██╗ ╚══██╔══╝ ██╔══██╗ ████╗  ██║ ██╔══██╗
           █████╔╝  ███████║    ██║    ███████║ ██╔██╗ ██║ ███████║
           ██╔═██╗  ██╔══██║    ██║    ██╔══██║ ██║╚██╗██║ ██╔══██║
           ██║  ██╗ ██║  ██║    ██║    ██║  ██║ ██║ ╚████║ ██║  ██║
           ╚═╝  ╚═╝ ╚═╝  ╚═╝/\  ╚═╝    ╚═╝  ╚═╝ ╚═╝  ╚═══╝ ╚═╝  ╚═╝
         /vvvvvvvvvvvvvvvvvvv \=======================================,
         `^^^^^^^^^^^^^^^^^^^ /-------------------------------------"
              Katana Engine \/ © 2012 - Shuriken Studios LLC
                      http://www.shurikenstudios.com
  Level02.cpp
           ██╗  ██╗  █████╗  ████████╗  █████╗  ███╗   ██╗  █████╗
           ██║ ██╔╝ ██╔══██╗ ╚══██╔══╝ ██╔══██╗ ████╗  ██║ ██╔══██╗
           █████╔╝  ███████║    ██║    ███████║ ██╔██╗ ██║ ███████║
           ██╔═██╗  ██╔══██║    ██║    ██╔══██║ ██║╚██╗██║ ██╔══██║
           ██║  ██╗ ██║  ██║    ██║    ██║  ██║ ██║ ╚████║ ██║  ██║
           ╚═╝  ╚═╝ ╚═╝  ╚═╝/\  ╚═╝    ╚═╝  ╚═╝ ╚═╝  ╚═══╝ ╚═╝  ╚═╝
         /vvvvvvvvvvvvvvvvvvv \=======================================,
         `^^^^^^^^^^^^^^^^^^^ /-------------------------------------"
              Katana Engine \/ © 2012 - Shuriken Studios LLC
                      http://www.shurikenstudios.com
  Level03.cpp
           ██╗  ██╗  █████╗  ████████╗  █████╗  ███╗   ██╗  █████╗
           ██║ ██╔╝ ██╔══██╗ ╚══██╔══╝ ██╔══██╗ ████╗  ██║ ██╔══██╗
           █████╔╝  ███████║    ██║    ███████║ ██╔██╗ ██║ ███████║
           ██╔═██╗  ██╔══██║    ██║    ██╔══██║ ██║╚██╗██║ ██╔══██║
           ██║  ██╗ ██║  ██║    ██║    ██║  ██║ ██║ ╚████║ ██║  ██║
           ╚═╝  ╚═╝ ╚═╝  ╚═╝/\  ╚═╝    ╚═╝  ╚═╝ ╚═╝  ╚═══╝ ╚═╝  ╚═╝
         /vvvvvvvvvvvvvvvvvvv \=======================================,
         `^^^^^^^^^^^^^^^^^^^ /-------------------------------------"
              Katana Engine \/ © 2012 - Shuriken Studios LLC
                      http://www.shurikenstudios.com
  LevelSelectScreen.cpp
           ██╗  ██╗  █████╗  ████████╗  █████╗  ███╗   ██╗  █████╗
           ██║ ██╔╝ ██╔══██╗ ╚══██╔══╝ ██╔══██╗ ████╗  ██║ ██╔══██╗
           █████╔╝  ███████║    ██║    ███████║ ██╔██╗ ██║ ███████║
           ██╔═██╗  ██╔══██║    ██║    ██╔══██║ ██║╚██╗██║ ██╔══██║
           ██║  ██╗ ██║  ██║    ██║    ██║  ██║ ██║ ╚████║ ██║  ██║
           ╚═╝  ╚═╝ ╚═╝  ╚═╝/\  ╚═╝    ╚═╝  ╚═╝ ╚═╝  ╚═══╝ ╚═╝  ╚═╝
         /vvvvvvvvvvvvvvvvvvv \=======================================,
         `^^^^^^^^^^^^^^^^^^^ /-------------------------------------"
              Katana Engine \/ © 2012 - Shuriken Studios LLC
                      http://www.shurikenstudios.com
  Main.cpp
           ██╗  ██╗  █████╗  ████████╗  █████╗  ███╗   ██╗  █████╗
           ██║ ██╔╝ ██╔══██╗ ╚══██╔══╝ ██╔══██╗ ████╗  ██║ ██╔══██╗
           █████╔╝  ███████║    ██║    ███████║ ██╔██╗ ██║ ███████║
           ██╔═██╗  ██╔══██║    ██║    ██╔══██║ ██║╚██╗██║ ██╔══██║
           ██║  ██╗ ██║  ██║    ██║    ██║  ██║ ██║ ╚████║ ██║  ██║
           ╚═╝  ╚═╝ ╚═╝  ╚═╝/\  ╚═╝    ╚═╝  ╚═╝ ╚═╝  ╚═══╝ ╚═╝  ╚═╝
         /vvvvvvvvvvvvvvvvvvv \=======================================,
         `^^^^^^^^^^^^^^^^^^^ /-------------------------------------"
              Katana Engine \/ © 2012 - Shuriken Studios LLC
                      http://www.shurikenstudios.com
  MainMenuScreen.cpp
           ██╗  ██╗  █████╗  ████████╗  █████╗  ███╗   ██╗  █████╗
           ██║ ██╔╝ ██╔══██╗ ╚══██╔══╝ ██╔══██╗ ████╗  ██║ ██╔══██╗
           █████╔╝  ███████║    ██║    ███████║ ██╔██╗ ██║ ███████║
           ██╔═██╗  ██╔══██║    ██║    ██╔══██║ ██║╚██╗██║ ██╔══██║
           ██║  ██╗ ██║  ██║    ██║    ██║  ██║ ██║ ╚████║ ██║  ██║
           ╚═╝  ╚═╝ ╚═╝  ╚═╝/\  ╚═╝    ╚═╝  ╚═╝ ╚═╝  ╚═══╝ ╚═╝  ╚═╝
         /vvvvvvvvvvvvvvvvvvv \=======================================,
         `^^^^^^^^^^^^^^^^^^^ /-------------------------------------"
              Katana Engine \/ © 2012 - Shuriken Studios LLC
                      http://www.shurikenstudios.com
  PlayerShip.cpp
           ██╗  ██╗  █████╗  ████████╗  █████╗  ███╗   ██╗  █████╗
           ██║ ██╔╝ ██╔══██╗ ╚══██╔══╝ ██╔══██╗ ████╗  ██║ ██╔══██╗
           █████╔╝  ███████║    ██║    ███████║ ██╔██╗ ██║ ███████║
           ██╔═██╗  ██╔══██║    ██║    ██╔══██║ ██║╚██╗██║ ██╔══██║
           ██║  ██╗ ██║  ██║    ██║    ██║  ██║ ██║ ╚████║ ██║  ██║
           ╚═╝  ╚═╝ ╚═╝  ╚═╝/\  ╚═╝    ╚═╝  ╚═╝ ╚═╝  ╚═══╝ ╚═╝  ╚═╝
         /vvvvvvvvvvvvvvvvvvv \=======================================,
         `^^^^^^^^^^^^^^^^^^^ /-------------------------------------"
              Katana Engine \/ © 2012 - Shuriken Studios LLC
                      http://www.shurikenstudios.com
  Projectile.cpp
           ██╗  ██╗  █████╗  ████████╗  █████╗  ███╗   ██╗  █████╗
           ██║ ██╔╝ ██╔══██╗ ╚══██╔══╝ ██╔══██╗ ████╗  ██║ ██╔══██╗
           █████╔╝  ███████║    ██║    ███████║ ██╔██╗ ██║ ███████║
           ██╔═██╗  ██╔══██║    ██║    ██╔══██║ ██║╚██╗██║ ██╔══██║
           ██║  ██╗ ██║  ██║    ██║    ██║  ██║ ██║ ╚████║ ██║  ██║
           ╚═╝  ╚═╝ ╚═╝  ╚═╝/\  ╚═╝    ╚═╝  ╚═╝ ╚═╝  ╚═══╝ ╚═╝  ╚═╝
         /vvvvvvvvvvvvvvvvvvv \=======================================,
         `^^^^^^^^^^^^^^^^^^^ /-------------------------------------"
              Katana Engine \/ © 2012 - Shuriken Studios LLC
                      http://www.shurikenstudios.com
  Ship.cpp
           ██╗  ██╗  █████╗  ████████╗  █████╗  ███╗   ██╗  █████╗
           ██║ ██╔╝ ██╔══██╗ ╚══██╔══╝ ██╔══██╗ ████╗  ██║ ██╔══██╗
           █████╔╝  ███████║    ██║    ███████║ ██╔██╗ ██║ ███████║
           ██╔═██╗  ██╔══██║    ██║    ██╔══██║ ██║╚██╗██║ ██╔══██║
           ██║  ██╗ ██║  ██║    ██║    ██║  ██║ ██║ ╚████║ ██║  ██║
           ╚═╝  ╚═╝ ╚═╝  ╚═╝/\  ╚═╝    ╚═╝  ╚═╝ ╚═╝  ╚═══╝ ╚═╝  ╚═╝
         /vvvvvvvvvvvvvvvvvvv \=======================================,
         `^^^^^^^^^^^^^^^^^^^ /-------------------------------------"
              Katana Engine \/ © 2012 - Shuriken Studios LLC
                      http://www.shurikenstudios.com
  SpaceFighter.cpp
           ██╗  ██╗  █████╗  ████████╗  █████╗  ███╗   ██╗  █████╗
           ██║ ██╔╝ ██╔══██╗ ╚══██╔══╝ ██╔══██╗ ████╗  ██║ ██╔══██╗
           █████╔╝  ███████║    ██║    ███████║ ██╔██╗ ██║ ███████║
           ██╔═██╗  ██╔══██║    ██║    ██╔══██║ ██║╚██╗██║ ██╔══██║
           ██║  ██╗ ██║  ██║    ██║    ██║  ██║ ██║ ╚████║ ██║  ██║
           ╚═╝  ╚═╝ ╚═╝  ╚═╝/\  ╚═╝    ╚═╝  ╚═╝ ╚═╝  ╚═══╝ ╚═╝  ╚═╝
         /vvvvvvvvvvvvvvvvvvv \=======================================,
         `^^^^^^^^^^^^^^^^^^^ /-------------------------------------"
              Katana Engine \/ © 2012 - Shuriken Studios LLC
                      http://www.shurikenstudios.com
  TriggerType.cpp
  Generating Code...
  Compiling...
  Weapon.cpp
           ██╗  ██╗  █████╗  ████████╗  █████╗  ███╗   ██╗  █████╗
           ██║ ██╔╝ ██╔══██╗ ╚══██╔══╝ ██╔══██╗ ████╗  ██║ ██╔══██╗
           █████╔╝  ███████║    ██║    ███████║ ██╔██╗ ██║ ███████║
           ██╔═██╗  ██╔══██║    ██║    ██╔══██║ ██║╚██╗██║ ██╔══██║
           ██║  ██╗ ██║  ██║    ██║    ██║  ██║ ██║ ╚████║ ██║  ██║
           ╚═╝  ╚═╝ ╚═╝  ╚═╝/\  ╚═╝    ╚═╝  ╚═╝ ╚═╝  ╚═══╝ ╚═╝  ╚═╝
         /vvvvvvvvvvvvvvvvvvv \=======================================,
         `^^^^^^^^^^^^^^^^^^^ /-------------------------------------"
              Katana Engine \/ © 2012 - Shuriken Studios LLC
                      http://www.shurikenstudios.com
  Generating Code...
  SpaceFighter.vcxproj -> C:\Users\trenc\source\repos\Space-Fighter-Final\x64\Debug\SpaceFighter.exe
